<-= 1 =->
name = Basics
city = Dallas
name = Allied
city = Dallas
<-= 2 =->
name = folder
name = clip
<-= 3 =->
name = Basics
pid = p03
sum = 1620.00
name = ACME
pid = p01
sum = 1360.00
name = Allied
pid = p05
sum = 1104.00
name = Tiptop
pid = p07
sum = 720.00
name = Tiptop
pid = p06
sum = 720.00
name = ACME
pid = p07
sum = 600.00
name = Tiptop
pid = p03
sum = 540.00
name = Tiptop
pid = p04
sum = 540.00
name = Tiptop
pid = p05
sum = 450.00
name = Tiptop
pid = p01
sum = 450.00
name = Tiptop
pid = p02
sum = 180.00
<-= 4 =->
name = Basics
pid = p03
sum = 1620.00
name = ACME
pid = p01
sum = 1360.00
name = Allied
pid = p05
sum = 1104.00
name = Tiptop
pid = p07
sum = 720.00
name = Tiptop
pid = p06
sum = 720.00
name = ACME
pid = p07
sum = 600.00
name = Tiptop
pid = p04
sum = 540.00
name = Tiptop
pid = p03
sum = 540.00
name = Tiptop
pid = p01
sum = 450.00
name = Tiptop
pid = p05
sum = 450.00
name = Tiptop
pid = p02
sum = 180.00
<-= 5 =->
name = Basics
name = razor
name = Brown
name = Allied
name = pencil
name = Brown
name = Tiptop
name = pen
name = Brown
name = ACME
name = case
name = Brown
<-= 6 =->
dollars = 740.00
truetotal = 704.0000000000000000000000
<-= 7 =->
None
<-= end =->
